2022-09-06T02:08:56,057 [-] [task-scheduler-9] [-] []  INFO FileSenderService END SCHEDULE
2022-09-06T02:09:04,394 [-] [task-scheduler-7] [-] [] DEBUG FileWalker Walking on files
2022-09-06T02:09:14,407 [-] [task-scheduler-10] [-] [] DEBUG FileWalker Walking on files
2022-09-06T02:09:24,415 [-] [task-scheduler-4] [-] [] DEBUG FileWalker Walking on files
2022-09-06T02:09:34,416 [-] [task-scheduler-1] [-] [] DEBUG FileWalker Walking on files
2022-09-06T02:09:44,432 [-] [task-scheduler-5] [-] [] DEBUG FileWalker Walking on files
2022-09-06T02:09:54,433 [-] [task-scheduler-2] [-] [] DEBUG FileWalker Walking on files
2022-09-06T02:10:04,434 [-] [task-scheduler-3] [-] [] DEBUG FileWalker Walking on files
2022-09-06T02:10:06,105 [-] [task-scheduler-10] [-] []  INFO FileSenderService START SCHEDULE
2022-09-06T02:10:06,477 [-] [task-scheduler-10] [-] [] DEBUG FileSenderService 0 files in queue
2022-09-06T02:10:06,477 [-] [task-scheduler-10] [-] [] DEBUG FileSenderService Clearing in Process List
2022-09-06T02:10:06,477 [-] [task-scheduler-10] [-] []  INFO FileSenderService END SCHEDULE
2022-09-06T02:10:14,446 [-] [task-scheduler-3] [-] [] DEBUG FileWalker Walking on files
2022-09-06T02:10:24,460 [-] [task-scheduler-2] [-] [] DEBUG FileWalker Walking on files
2022-09-06T02:10:34,467 [-] [task-scheduler-6] [-] [] DEBUG FileWalker Walking on files
2022-09-06T02:10:49,351 [-] [main] [-] []  INFO Application Starting Application on Admin-PC with PID 24548 (D:\application\photosender-master\target\classes started by Admin in D:\application\photosender-master)
2022-09-06T02:10:49,356 [-] [main] [-] [] DEBUG Application Running with Spring Boot v1.5.3.RELEASE, Spring v4.3.8.RELEASE
2022-09-06T02:10:49,378 [-] [main] [-] []  INFO Application No active profile set, falling back to default profiles: default
2022-09-06T02:11:22,253 [-] [main] [-] []  INFO EmailTemplate Logo URL Location = http://5.196.27.85:8080
2022-09-06T02:11:22,549 [-] [main] [-] [] DEBUG FileWalker Source is: /Users/francoromano/Desktop/send
2022-09-06T02:11:22,550 [-] [main] [-] [] DEBUG FileWalker Processed is: PhotoFtp/processed
2022-09-06T02:11:23,801 [-] [task-scheduler-1] [-] []  INFO FileSenderService START SCHEDULE
2022-09-06T02:11:23,843 [-] [task-scheduler-2] [-] [] DEBUG FileWalker Walking on files
2022-09-06T02:11:23,917 [-] [main] [-] []  INFO Application Started Application in 35.188 seconds (JVM running for 36.275)
2022-09-06T02:11:24,261 [-] [task-scheduler-1] [-] [] DEBUG FileSenderService 0 files in queue
2022-09-06T02:11:24,262 [-] [task-scheduler-1] [-] [] DEBUG FileSenderService Clearing in Process List
2022-09-06T02:11:24,262 [-] [task-scheduler-1] [-] []  INFO FileSenderService END SCHEDULE
2022-09-06T02:11:33,846 [-] [task-scheduler-4] [-] [] DEBUG FileWalker Walking on files
2022-09-06T02:11:43,860 [-] [task-scheduler-5] [-] [] DEBUG FileWalker Walking on files
2022-09-06T02:11:53,874 [-] [task-scheduler-2] [-] [] DEBUG FileWalker Walking on files
2022-09-06T02:12:03,884 [-] [task-scheduler-5] [-] [] DEBUG FileWalker Walking on files
2022-09-06T02:12:13,892 [-] [task-scheduler-9] [-] [] DEBUG FileWalker Walking on files
2022-09-06T02:12:23,898 [-] [task-scheduler-7] [-] [] DEBUG FileWalker Walking on files
2022-09-06T02:12:33,910 [-] [task-scheduler-4] [-] [] DEBUG FileWalker Walking on files
2022-09-06T02:12:34,286 [-] [task-scheduler-5] [-] []  INFO FileSenderService START SCHEDULE
2022-09-06T02:12:34,689 [-] [task-scheduler-5] [-] [] DEBUG FileSenderService 0 files in queue
2022-09-06T02:12:34,690 [-] [task-scheduler-5] [-] [] DEBUG FileSenderService Clearing in Process List
2022-09-06T02:12:34,690 [-] [task-scheduler-5] [-] []  INFO FileSenderService END SCHEDULE
2022-09-06T02:12:43,920 [-] [task-scheduler-8] [-] [] DEBUG FileWalker Walking on files
2022-09-06T02:12:53,924 [-] [task-scheduler-2] [-] [] DEBUG FileWalker Walking on files
2022-09-06T02:13:08,114 [-] [main] [-] []  INFO Application Starting Application on Admin-PC with PID 23556 (D:\application\photosender-master\target\classes started by Admin in D:\application\photosender-master)
2022-09-06T02:13:08,120 [-] [main] [-] [] DEBUG Application Running with Spring Boot v1.5.3.RELEASE, Spring v4.3.8.RELEASE
2022-09-06T02:13:08,121 [-] [main] [-] []  INFO Application No active profile set, falling back to default profiles: default
2022-09-06T02:13:39,333 [-] [main] [-] []  INFO EmailTemplate Logo URL Location = http://5.196.27.85:8080
2022-09-06T02:13:39,657 [-] [main] [-] [] DEBUG FileWalker Source is: /Users/francoromano/Desktop/send
2022-09-06T02:13:39,657 [-] [main] [-] [] DEBUG FileWalker Processed is: PhotoFtp/processed
2022-09-06T02:13:40,959 [-] [task-scheduler-1] [-] []  INFO FileSenderService START SCHEDULE
2022-09-06T02:13:41,003 [-] [task-scheduler-2] [-] [] DEBUG FileWalker Walking on files
2022-09-06T02:13:41,100 [-] [main] [-] []  INFO Application Started Application in 33.432 seconds (JVM running for 34.801)
2022-09-06T02:13:41,615 [-] [task-scheduler-1] [-] [] DEBUG FileSenderService 0 files in queue
2022-09-06T02:13:41,616 [-] [task-scheduler-1] [-] [] DEBUG FileSenderService Clearing in Process List
2022-09-06T02:13:41,616 [-] [task-scheduler-1] [-] []  INFO FileSenderService END SCHEDULE
2022-09-06T02:13:51,008 [-] [task-scheduler-4] [-] [] DEBUG FileWalker Walking on files
2022-09-06T02:14:01,015 [-] [task-scheduler-5] [-] [] DEBUG FileWalker Walking on files
2022-09-06T02:14:11,025 [-] [task-scheduler-2] [-] [] DEBUG FileWalker Walking on files
2022-09-06T02:14:21,040 [-] [task-scheduler-5] [-] [] DEBUG FileWalker Walking on files
2022-09-06T02:14:31,047 [-] [task-scheduler-10] [-] [] DEBUG FileWalker Walking on files
2022-09-06T02:14:41,058 [-] [task-scheduler-3] [-] [] DEBUG FileWalker Walking on files
2022-09-06T02:14:51,061 [-] [task-scheduler-4] [-] [] DEBUG FileWalker Walking on files
2022-09-06T02:14:51,636 [-] [task-scheduler-5] [-] []  INFO FileSenderService START SCHEDULE
2022-09-06T02:14:51,952 [-] [task-scheduler-5] [-] [] DEBUG FileSenderService 0 files in queue
2022-09-06T02:14:51,953 [-] [task-scheduler-5] [-] [] DEBUG FileSenderService Clearing in Process List
2022-09-06T02:14:51,953 [-] [task-scheduler-5] [-] []  INFO FileSenderService END SCHEDULE
2022-09-06T02:15:01,068 [-] [task-scheduler-9] [-] [] DEBUG FileWalker Walking on files
2022-09-06T02:15:11,072 [-] [task-scheduler-10] [-] [] DEBUG FileWalker Walking on files
2022-09-06T02:15:21,075 [-] [task-scheduler-4] [-] [] DEBUG FileWalker Walking on files
2022-09-06T02:15:31,085 [-] [task-scheduler-3] [-] [] DEBUG FileWalker Walking on files
2022-09-06T02:15:41,087 [-] [task-scheduler-10] [-] [] DEBUG FileWalker Walking on files
2022-09-06T02:15:51,092 [-] [task-scheduler-9] [-] [] DEBUG FileWalker Walking on files
2022-09-06T02:16:01,095 [-] [task-scheduler-7] [-] [] DEBUG FileWalker Walking on files
2022-09-06T02:16:01,980 [-] [task-scheduler-8] [-] []  INFO FileSenderService START SCHEDULE
2022-09-06T02:16:02,315 [-] [task-scheduler-8] [-] [] DEBUG FileSenderService 0 files in queue
2022-09-06T02:16:02,316 [-] [task-scheduler-8] [-] [] DEBUG FileSenderService Clearing in Process List
2022-09-06T02:16:02,316 [-] [task-scheduler-8] [-] []  INFO FileSenderService END SCHEDULE
2022-09-06T02:16:11,111 [-] [task-scheduler-3] [-] [] DEBUG FileWalker Walking on files
2022-09-06T02:16:21,113 [-] [task-scheduler-9] [-] [] DEBUG FileWalker Walking on files
2022-09-06T02:16:31,128 [-] [task-scheduler-2] [-] [] DEBUG FileWalker Walking on files
2022-09-06T02:16:41,137 [-] [task-scheduler-3] [-] [] DEBUG FileWalker Walking on files
2022-09-06T02:16:51,144 [-] [task-scheduler-7] [-] [] DEBUG FileWalker Walking on files
2022-09-06T02:17:01,152 [-] [task-scheduler-2] [-] [] DEBUG FileWalker Walking on files
2022-09-06T02:17:11,163 [-] [task-scheduler-5] [-] [] DEBUG FileWalker Walking on files
2022-09-06T02:17:12,334 [-] [task-scheduler-4] [-] []  INFO FileSenderService START SCHEDULE
2022-09-06T02:17:12,859 [-] [task-scheduler-4] [-] [] DEBUG FileSenderService 0 files in queue
2022-09-06T02:17:12,860 [-] [task-scheduler-4] [-] [] DEBUG FileSenderService Clearing in Process List
2022-09-06T02:17:12,860 [-] [task-scheduler-4] [-] []  INFO FileSenderService END SCHEDULE
2022-09-06T02:17:21,175 [-] [task-scheduler-6] [-] [] DEBUG FileWalker Walking on files
2022-09-06T02:17:31,185 [-] [task-scheduler-10] [-] [] DEBUG FileWalker Walking on files
2022-09-06T02:17:41,191 [-] [task-scheduler-9] [-] [] DEBUG FileWalker Walking on files
2022-09-06T02:17:51,191 [-] [task-scheduler-8] [-] [] DEBUG FileWalker Walking on files
2022-09-06T02:18:01,192 [-] [task-scheduler-10] [-] [] DEBUG FileWalker Walking on files
2022-09-06T02:18:11,209 [-] [task-scheduler-9] [-] [] DEBUG FileWalker Walking on files
2022-09-06T02:18:21,221 [-] [task-scheduler-7] [-] [] DEBUG FileWalker Walking on files
2022-09-06T02:18:22,874 [-] [task-scheduler-8] [-] []  INFO FileSenderService START SCHEDULE
2022-09-06T02:18:23,223 [-] [task-scheduler-8] [-] [] DEBUG FileSenderService 0 files in queue
2022-09-06T02:18:23,223 [-] [task-scheduler-8] [-] [] DEBUG FileSenderService Clearing in Process List
2022-09-06T02:18:23,223 [-] [task-scheduler-8] [-] []  INFO FileSenderService END SCHEDULE
2022-09-06T02:18:31,230 [-] [task-scheduler-2] [-] [] DEBUG FileWalker Walking on files
2022-09-06T02:18:41,243 [-] [task-scheduler-4] [-] [] DEBUG FileWalker Walking on files
2022-09-06T02:18:51,250 [-] [task-scheduler-9] [-] [] DEBUG FileWalker Walking on files
2022-09-06T02:19:01,259 [-] [task-scheduler-7] [-] [] DEBUG FileWalker Walking on files
2022-09-06T02:19:11,333 [-] [task-scheduler-4] [-] [] DEBUG FileWalker Walking on files
2022-09-06T02:19:21,405 [-] [task-scheduler-2] [-] [] DEBUG FileWalker Walking on files
2022-09-06T02:19:31,413 [-] [task-scheduler-6] [-] [] DEBUG FileWalker Walking on files
2022-09-06T02:19:33,241 [-] [task-scheduler-7] [-] []  INFO FileSenderService START SCHEDULE
2022-09-06T02:19:33,572 [-] [task-scheduler-7] [-] [] DEBUG FileSenderService 0 files in queue
2022-09-06T02:19:33,572 [-] [task-scheduler-7] [-] [] DEBUG FileSenderService Clearing in Process List
2022-09-06T02:19:33,572 [-] [task-scheduler-7] [-] []  INFO FileSenderService END SCHEDULE
2022-09-06T02:19:41,424 [-] [task-scheduler-1] [-] [] DEBUG FileWalker Walking on files
2022-09-06T02:19:51,439 [-] [task-scheduler-3] [-] [] DEBUG FileWalker Walking on files
2022-09-06T02:20:01,444 [-] [task-scheduler-5] [-] [] DEBUG FileWalker Walking on files
2022-09-06T02:20:11,455 [-] [task-scheduler-2] [-] [] DEBUG FileWalker Walking on files
2022-09-06T02:20:21,466 [-] [task-scheduler-8] [-] [] DEBUG FileWalker Walking on files
2022-09-06T02:20:31,469 [-] [task-scheduler-6] [-] [] DEBUG FileWalker Walking on files
2022-09-06T02:20:41,471 [-] [task-scheduler-3] [-] [] DEBUG FileWalker Walking on files
2022-09-06T02:20:43,591 [-] [task-scheduler-5] [-] []  INFO FileSenderService START SCHEDULE
2022-09-06T02:20:44,302 [-] [task-scheduler-5] [-] [] DEBUG FileSenderService 0 files in queue
2022-09-06T02:20:44,303 [-] [task-scheduler-5] [-] [] DEBUG FileSenderService Clearing in Process List
2022-09-06T02:20:44,303 [-] [task-scheduler-5] [-] []  INFO FileSenderService END SCHEDULE
2022-09-06T02:20:51,480 [-] [task-scheduler-2] [-] [] DEBUG FileWalker Walking on files
2022-09-06T02:21:01,492 [-] [task-scheduler-1] [-] [] DEBUG FileWalker Walking on files
2022-09-06T02:21:11,497 [-] [task-scheduler-10] [-] [] DEBUG FileWalker Walking on files
2022-09-06T02:29:21,973 [-] [main] [-] []  INFO Application Starting Application on Admin-PC with PID 58124 (D:\application\photosender-master\target\classes started by Admin in D:\application\photosender-master)
2022-09-06T02:29:21,978 [-] [main] [-] [] DEBUG Application Running with Spring Boot v1.5.3.RELEASE, Spring v4.3.8.RELEASE
2022-09-06T02:29:21,979 [-] [main] [-] []  INFO Application No active profile set, falling back to default profiles: default
2022-09-06T02:29:52,678 [-] [main] [-] []  INFO EmailTemplate Logo URL Location = http://5.196.27.85:8080
2022-09-06T02:29:52,977 [-] [main] [-] [] DEBUG FileWalker Source is: /Users/francoromano/Desktop/send
2022-09-06T02:29:52,977 [-] [main] [-] [] DEBUG FileWalker Processed is: PhotoFtp/processed
2022-09-06T02:29:54,179 [-] [task-scheduler-1] [-] []  INFO FileSenderService START SCHEDULE
2022-09-06T02:29:54,264 [-] [task-scheduler-3] [-] [] DEBUG FileWalker Walking on files
2022-09-06T02:29:54,322 [-] [main] [-] []  INFO Application Started Application in 32.734 seconds (JVM running for 34.096)
2022-09-06T02:29:55,074 [-] [task-scheduler-1] [-] [] DEBUG FileSenderService 0 files in queue
2022-09-06T02:29:55,075 [-] [task-scheduler-1] [-] [] DEBUG FileSenderService Clearing in Process List
2022-09-06T02:29:55,075 [-] [task-scheduler-1] [-] []  INFO FileSenderService END SCHEDULE
2022-09-06T02:30:04,260 [-] [task-scheduler-4] [-] [] DEBUG FileWalker Walking on files
2022-09-06T02:30:14,270 [-] [task-scheduler-6] [-] [] DEBUG FileWalker Walking on files
2022-09-06T02:30:24,277 [-] [task-scheduler-3] [-] [] DEBUG FileWalker Walking on files
2022-09-06T02:30:34,280 [-] [task-scheduler-8] [-] [] DEBUG FileWalker Walking on files
2022-09-06T02:30:44,292 [-] [task-scheduler-6] [-] [] DEBUG FileWalker Walking on files
2022-09-06T02:30:54,299 [-] [task-scheduler-3] [-] [] DEBUG FileWalker Walking on files
2022-09-06T02:31:04,312 [-] [task-scheduler-5] [-] [] DEBUG FileWalker Walking on files
2022-09-06T02:31:05,101 [-] [task-scheduler-9] [-] []  INFO FileSenderService START SCHEDULE
2022-09-06T02:31:05,558 [-] [task-scheduler-9] [-] [] DEBUG FileSenderService 0 files in queue
2022-09-06T02:31:05,558 [-] [task-scheduler-9] [-] [] DEBUG FileSenderService Clearing in Process List
2022-09-06T02:31:05,558 [-] [task-scheduler-9] [-] []  INFO FileSenderService END SCHEDULE
2022-09-06T02:31:14,317 [-] [task-scheduler-4] [-] [] DEBUG FileWalker Walking on files
2022-09-06T02:31:24,325 [-] [task-scheduler-6] [-] [] DEBUG FileWalker Walking on files
2022-09-06T02:31:34,332 [-] [task-scheduler-1] [-] [] DEBUG FileWalker Walking on files
2022-09-06T02:31:44,345 [-] [task-scheduler-8] [-] [] DEBUG FileWalker Walking on files
2022-09-06T02:31:54,346 [-] [task-scheduler-2] [-] [] DEBUG FileWalker Walking on files
2022-09-06T02:32:04,352 [-] [task-scheduler-7] [-] [] DEBUG FileWalker Walking on files
2022-09-06T02:32:14,362 [-] [task-scheduler-8] [-] [] DEBUG FileWalker Walking on files
2022-09-06T02:32:15,570 [-] [task-scheduler-6] [-] []  INFO FileSenderService START SCHEDULE
2022-09-06T02:32:15,906 [-] [task-scheduler-6] [-] [] DEBUG FileSenderService 0 files in queue
2022-09-06T02:32:15,906 [-] [task-scheduler-6] [-] [] DEBUG FileSenderService Clearing in Process List
2022-09-06T02:32:15,906 [-] [task-scheduler-6] [-] []  INFO FileSenderService END SCHEDULE
2022-09-06T02:32:24,365 [-] [task-scheduler-1] [-] [] DEBUG FileWalker Walking on files
2022-09-06T02:32:34,372 [-] [task-scheduler-2] [-] [] DEBUG FileWalker Walking on files
2022-09-06T02:32:44,380 [-] [task-scheduler-8] [-] [] DEBUG FileWalker Walking on files
2022-09-06T02:32:54,386 [-] [task-scheduler-1] [-] [] DEBUG FileWalker Walking on files
2022-09-06T02:33:04,388 [-] [task-scheduler-2] [-] [] DEBUG FileWalker Walking on files
2022-09-06T02:33:14,396 [-] [task-scheduler-2] [-] [] DEBUG FileWalker Walking on files
2022-09-06T02:33:24,410 [-] [task-scheduler-3] [-] [] DEBUG FileWalker Walking on files
2022-09-06T02:33:25,923 [-] [task-scheduler-1] [-] []  INFO FileSenderService START SCHEDULE
2022-09-06T02:33:29,072 [-] [task-scheduler-1] [-] [] DEBUG FileSenderService 0 files in queue
2022-09-06T02:33:29,072 [-] [task-scheduler-1] [-] [] DEBUG FileSenderService Clearing in Process List
2022-09-06T02:33:29,073 [-] [task-scheduler-1] [-] []  INFO FileSenderService END SCHEDULE
2022-09-06T02:33:34,411 [-] [task-scheduler-9] [-] [] DEBUG FileWalker Walking on files
2022-09-06T02:33:44,426 [-] [task-scheduler-6] [-] [] DEBUG FileWalker Walking on files
2022-09-06T02:33:54,442 [-] [task-scheduler-10] [-] [] DEBUG FileWalker Walking on files
2022-09-06T02:34:04,453 [-] [task-scheduler-8] [-] [] DEBUG FileWalker Walking on files
2022-09-06T02:34:14,467 [-] [task-scheduler-2] [-] [] DEBUG FileWalker Walking on files
2022-09-06T02:34:24,470 [-] [task-scheduler-10] [-] [] DEBUG FileWalker Walking on files
2022-09-06T02:34:34,476 [-] [task-scheduler-7] [-] [] DEBUG FileWalker Walking on files
2022-09-06T02:34:39,080 [-] [task-scheduler-8] [-] []  INFO FileSenderService START SCHEDULE
2022-09-06T02:34:39,407 [-] [task-scheduler-8] [-] [] DEBUG FileSenderService 0 files in queue
2022-09-06T02:34:39,407 [-] [task-scheduler-8] [-] [] DEBUG FileSenderService Clearing in Process List
2022-09-06T02:34:39,408 [-] [task-scheduler-8] [-] []  INFO FileSenderService END SCHEDULE
2022-09-06T02:34:44,484 [-] [task-scheduler-4] [-] [] DEBUG FileWalker Walking on files
2022-09-06T02:34:54,499 [-] [task-scheduler-1] [-] [] DEBUG FileWalker Walking on files
2022-09-06T02:35:04,501 [-] [task-scheduler-7] [-] [] DEBUG FileWalker Walking on files
2022-09-06T02:35:14,508 [-] [task-scheduler-10] [-] [] DEBUG FileWalker Walking on files
2022-09-06T02:35:24,521 [-] [task-scheduler-5] [-] [] DEBUG FileWalker Walking on files
2022-09-06T02:35:34,524 [-] [task-scheduler-3] [-] [] DEBUG FileWalker Walking on files
2022-09-06T02:35:44,536 [-] [task-scheduler-10] [-] [] DEBUG FileWalker Walking on files
2022-09-06T02:35:49,422 [-] [task-scheduler-4] [-] []  INFO FileSenderService START SCHEDULE
2022-09-06T02:35:49,810 [-] [task-scheduler-4] [-] [] DEBUG FileSenderService 0 files in queue
2022-09-06T02:35:49,810 [-] [task-scheduler-4] [-] [] DEBUG FileSenderService Clearing in Process List
2022-09-06T02:35:49,811 [-] [task-scheduler-4] [-] []  INFO FileSenderService END SCHEDULE
2022-09-06T02:35:54,543 [-] [task-scheduler-7] [-] [] DEBUG FileWalker Walking on files
2022-09-06T02:36:04,545 [-] [task-scheduler-5] [-] [] DEBUG FileWalker Walking on files
2022-09-06T02:36:14,550 [-] [task-scheduler-10] [-] [] DEBUG FileWalker Walking on files
2022-09-06T02:36:24,551 [-] [task-scheduler-2] [-] [] DEBUG FileWalker Walking on files
2022-09-06T02:36:34,553 [-] [task-scheduler-6] [-] [] DEBUG FileWalker Walking on files
2022-09-06T02:36:44,558 [-] [task-scheduler-2] [-] [] DEBUG FileWalker Walking on files
2022-09-06T02:36:54,560 [-] [task-scheduler-5] [-] [] DEBUG FileWalker Walking on files
2022-09-06T02:36:59,828 [-] [task-scheduler-1] [-] []  INFO FileSenderService START SCHEDULE
2022-09-06T02:37:00,163 [-] [task-scheduler-1] [-] [] DEBUG FileSenderService 0 files in queue
2022-09-06T02:37:00,163 [-] [task-scheduler-1] [-] [] DEBUG FileSenderService Clearing in Process List
2022-09-06T02:37:00,164 [-] [task-scheduler-1] [-] []  INFO FileSenderService END SCHEDULE
2022-09-06T02:37:04,573 [-] [task-scheduler-8] [-] [] DEBUG FileWalker Walking on files
2022-09-06T02:37:14,584 [-] [task-scheduler-4] [-] [] DEBUG FileWalker Walking on files
2022-09-06T02:37:24,587 [-] [task-scheduler-5] [-] [] DEBUG FileWalker Walking on files
2022-09-06T02:37:34,601 [-] [task-scheduler-8] [-] [] DEBUG FileWalker Walking on files
2022-09-06T02:37:44,602 [-] [task-scheduler-10] [-] [] DEBUG FileWalker Walking on files
2022-09-06T02:37:54,608 [-] [task-scheduler-3] [-] [] DEBUG FileWalker Walking on files
2022-09-06T02:38:04,610 [-] [task-scheduler-4] [-] [] DEBUG FileWalker Walking on files
2022-09-06T02:38:10,177 [-] [task-scheduler-8] [-] []  INFO FileSenderService START SCHEDULE
2022-09-06T02:38:10,553 [-] [task-scheduler-8] [-] [] DEBUG FileSenderService 0 files in queue
2022-09-06T02:38:10,553 [-] [task-scheduler-8] [-] [] DEBUG FileSenderService Clearing in Process List
2022-09-06T02:38:10,553 [-] [task-scheduler-8] [-] []  INFO FileSenderService END SCHEDULE
2022-09-06T02:38:14,624 [-] [task-scheduler-2] [-] [] DEBUG FileWalker Walking on files
2022-09-06T02:38:24,625 [-] [task-scheduler-7] [-] [] DEBUG FileWalker Walking on files
2022-09-06T02:38:34,639 [-] [task-scheduler-10] [-] [] DEBUG FileWalker Walking on files
2022-09-06T02:38:44,652 [-] [task-scheduler-4] [-] [] DEBUG FileWalker Walking on files
2022-09-06T02:38:54,655 [-] [task-scheduler-3] [-] [] DEBUG FileWalker Walking on files
2022-09-06T02:39:04,663 [-] [task-scheduler-9] [-] [] DEBUG FileWalker Walking on files
2022-09-06T02:39:14,667 [-] [task-scheduler-2] [-] [] DEBUG FileWalker Walking on files
2022-09-06T02:39:20,568 [-] [task-scheduler-6] [-] []  INFO FileSenderService START SCHEDULE
2022-09-06T02:39:20,893 [-] [task-scheduler-6] [-] [] DEBUG FileSenderService 0 files in queue
2022-09-06T02:39:20,893 [-] [task-scheduler-6] [-] [] DEBUG FileSenderService Clearing in Process List
2022-09-06T02:39:20,893 [-] [task-scheduler-6] [-] []  INFO FileSenderService END SCHEDULE
2022-09-06T02:39:24,670 [-] [task-scheduler-1] [-] [] DEBUG FileWalker Walking on files
2022-09-06T02:39:34,682 [-] [task-scheduler-5] [-] [] DEBUG FileWalker Walking on files
2022-09-06T02:39:44,682 [-] [task-scheduler-8] [-] [] DEBUG FileWalker Walking on files
2022-09-06T02:39:54,687 [-] [task-scheduler-1] [-] [] DEBUG FileWalker Walking on files
2022-09-06T02:40:04,702 [-] [task-scheduler-8] [-] [] DEBUG FileWalker Walking on files
2022-09-06T02:40:14,709 [-] [task-scheduler-7] [-] [] DEBUG FileWalker Walking on files
2022-09-06T02:40:24,721 [-] [task-scheduler-2] [-] [] DEBUG FileWalker Walking on files
2022-09-06T02:40:30,909 [-] [task-scheduler-8] [-] []  INFO FileSenderService START SCHEDULE
2022-09-06T02:40:31,259 [-] [task-scheduler-8] [-] [] DEBUG FileSenderService 0 files in queue
2022-09-06T02:40:31,259 [-] [task-scheduler-8] [-] [] DEBUG FileSenderService Clearing in Process List
2022-09-06T02:40:31,259 [-] [task-scheduler-8] [-] []  INFO FileSenderService END SCHEDULE
2022-09-06T02:40:34,725 [-] [task-scheduler-3] [-] [] DEBUG FileWalker Walking on files
2022-09-06T02:40:44,739 [-] [task-scheduler-7] [-] [] DEBUG FileWalker Walking on files
2022-09-06T02:40:54,747 [-] [task-scheduler-10] [-] [] DEBUG FileWalker Walking on files
2022-09-06T02:41:04,760 [-] [task-scheduler-4] [-] [] DEBUG FileWalker Walking on files
2022-09-06T02:41:14,774 [-] [task-scheduler-6] [-] [] DEBUG FileWalker Walking on files
2022-09-06T02:41:24,778 [-] [task-scheduler-5] [-] [] DEBUG FileWalker Walking on files
2022-09-06T02:41:34,791 [-] [task-scheduler-1] [-] [] DEBUG FileWalker Walking on files
2022-09-06T02:41:41,272 [-] [task-scheduler-2] [-] []  INFO FileSenderService START SCHEDULE
2022-09-06T02:41:41,631 [-] [task-scheduler-2] [-] [] DEBUG FileSenderService 0 files in queue
2022-09-06T02:41:41,631 [-] [task-scheduler-2] [-] [] DEBUG FileSenderService Clearing in Process List
2022-09-06T02:41:41,632 [-] [task-scheduler-2] [-] []  INFO FileSenderService END SCHEDULE
2022-09-06T02:41:44,791 [-] [task-scheduler-3] [-] [] DEBUG FileWalker Walking on files
2022-09-06T02:41:54,792 [-] [task-scheduler-7] [-] [] DEBUG FileWalker Walking on files
2022-09-06T02:42:04,795 [-] [task-scheduler-10] [-] [] DEBUG FileWalker Walking on files
2022-09-06T02:42:14,809 [-] [task-scheduler-6] [-] [] DEBUG FileWalker Walking on files
2022-09-06T02:42:24,811 [-] [task-scheduler-7] [-] [] DEBUG FileWalker Walking on files
2022-09-06T02:42:34,821 [-] [task-scheduler-3] [-] [] DEBUG FileWalker Walking on files
2022-09-06T02:42:44,835 [-] [task-scheduler-9] [-] [] DEBUG FileWalker Walking on files
2022-09-06T02:42:51,647 [-] [task-scheduler-6] [-] []  INFO FileSenderService START SCHEDULE
2022-09-06T02:42:51,983 [-] [task-scheduler-6] [-] [] DEBUG FileSenderService 0 files in queue
2022-09-06T02:42:51,983 [-] [task-scheduler-6] [-] [] DEBUG FileSenderService Clearing in Process List
2022-09-06T02:42:51,983 [-] [task-scheduler-6] [-] []  INFO FileSenderService END SCHEDULE
2022-09-06T02:42:54,847 [-] [task-scheduler-8] [-] [] DEBUG FileWalker Walking on files
2022-09-06T02:43:04,858 [-] [task-scheduler-2] [-] [] DEBUG FileWalker Walking on files
2022-09-06T02:43:14,862 [-] [task-scheduler-5] [-] [] DEBUG FileWalker Walking on files
2022-09-06T02:43:24,869 [-] [task-scheduler-9] [-] [] DEBUG FileWalker Walking on files
2022-09-06T02:43:34,874 [-] [task-scheduler-7] [-] [] DEBUG FileWalker Walking on files
2022-09-06T02:43:44,880 [-] [task-scheduler-4] [-] [] DEBUG FileWalker Walking on files
2022-09-06T02:43:54,884 [-] [task-scheduler-9] [-] [] DEBUG FileWalker Walking on files
2022-09-06T02:44:01,992 [-] [task-scheduler-1] [-] []  INFO FileSenderService START SCHEDULE
2022-09-06T02:44:02,323 [-] [task-scheduler-1] [-] [] DEBUG FileSenderService 0 files in queue
2022-09-06T02:44:02,323 [-] [task-scheduler-1] [-] [] DEBUG FileSenderService Clearing in Process List
2022-09-06T02:44:02,323 [-] [task-scheduler-1] [-] []  INFO FileSenderService END SCHEDULE
2022-09-06T02:44:04,893 [-] [task-scheduler-10] [-] [] DEBUG FileWalker Walking on files
2022-09-06T02:44:14,893 [-] [task-scheduler-7] [-] [] DEBUG FileWalker Walking on files
2022-09-06T02:44:24,905 [-] [task-scheduler-4] [-] [] DEBUG FileWalker Walking on files
2022-09-06T02:44:34,914 [-] [task-scheduler-9] [-] [] DEBUG FileWalker Walking on files
2022-09-06T02:44:44,924 [-] [task-scheduler-7] [-] [] DEBUG FileWalker Walking on files
2022-09-06T02:44:54,927 [-] [task-scheduler-4] [-] [] DEBUG FileWalker Walking on files
2022-09-06T02:45:04,931 [-] [task-scheduler-10] [-] [] DEBUG FileWalker Walking on files
2022-09-06T02:45:12,336 [-] [task-scheduler-8] [-] []  INFO FileSenderService START SCHEDULE
2022-09-06T02:45:12,654 [-] [task-scheduler-8] [-] [] DEBUG FileSenderService 0 files in queue
2022-09-06T02:45:12,654 [-] [task-scheduler-8] [-] [] DEBUG FileSenderService Clearing in Process List
2022-09-06T02:45:12,654 [-] [task-scheduler-8] [-] []  INFO FileSenderService END SCHEDULE
2022-09-06T02:45:14,934 [-] [task-scheduler-2] [-] [] DEBUG FileWalker Walking on files
2022-09-06T02:45:24,944 [-] [task-scheduler-4] [-] [] DEBUG FileWalker Walking on files
2022-09-06T02:45:34,953 [-] [task-scheduler-5] [-] [] DEBUG FileWalker Walking on files
2022-09-06T02:45:44,966 [-] [task-scheduler-1] [-] [] DEBUG FileWalker Walking on files
2022-09-06T02:45:54,979 [-] [task-scheduler-2] [-] [] DEBUG FileWalker Walking on files
2022-09-06T02:46:04,990 [-] [task-scheduler-6] [-] [] DEBUG FileWalker Walking on files
2022-09-06T02:46:14,999 [-] [task-scheduler-9] [-] [] DEBUG FileWalker Walking on files
2022-09-06T02:46:22,662 [-] [task-scheduler-5] [-] []  INFO FileSenderService START SCHEDULE
2022-09-06T02:46:22,991 [-] [task-scheduler-5] [-] [] DEBUG FileSenderService 0 files in queue
2022-09-06T02:46:22,992 [-] [task-scheduler-5] [-] [] DEBUG FileSenderService Clearing in Process List
2022-09-06T02:46:22,992 [-] [task-scheduler-5] [-] []  INFO FileSenderService END SCHEDULE
2022-09-06T02:46:25,010 [-] [task-scheduler-10] [-] [] DEBUG FileWalker Walking on files
2022-09-06T02:46:35,014 [-] [task-scheduler-8] [-] [] DEBUG FileWalker Walking on files
2022-09-06T02:46:45,027 [-] [task-scheduler-1] [-] [] DEBUG FileWalker Walking on files
2022-09-06T02:46:55,038 [-] [task-scheduler-2] [-] [] DEBUG FileWalker Walking on files
2022-09-06T02:47:05,041 [-] [task-scheduler-8] [-] [] DEBUG FileWalker Walking on files
2022-09-06T02:47:15,049 [-] [task-scheduler-1] [-] [] DEBUG FileWalker Walking on files
2022-09-06T02:47:25,060 [-] [task-scheduler-9] [-] [] DEBUG FileWalker Walking on files
2022-09-06T02:47:33,007 [-] [task-scheduler-2] [-] []  INFO FileSenderService START SCHEDULE
2022-09-06T02:47:33,431 [-] [task-scheduler-2] [-] [] DEBUG FileSenderService 0 files in queue
2022-09-06T02:47:33,431 [-] [task-scheduler-2] [-] [] DEBUG FileSenderService Clearing in Process List
2022-09-06T02:47:33,431 [-] [task-scheduler-2] [-] []  INFO FileSenderService END SCHEDULE
2022-09-06T02:47:35,075 [-] [task-scheduler-4] [-] [] DEBUG FileWalker Walking on files
2022-09-06T02:47:45,091 [-] [task-scheduler-1] [-] [] DEBUG FileWalker Walking on files
2022-09-06T02:47:55,094 [-] [task-scheduler-8] [-] [] DEBUG FileWalker Walking on files
2022-09-06T02:48:05,101 [-] [task-scheduler-4] [-] [] DEBUG FileWalker Walking on files
2022-09-06T02:48:15,111 [-] [task-scheduler-1] [-] [] DEBUG FileWalker Walking on files
2022-09-06T02:48:25,115 [-] [task-scheduler-4] [-] [] DEBUG FileWalker Walking on files
2022-09-06T02:48:35,129 [-] [task-scheduler-9] [-] [] DEBUG FileWalker Walking on files
2022-09-06T02:48:43,456 [-] [task-scheduler-9] [-] []  INFO FileSenderService START SCHEDULE
2022-09-06T02:48:43,780 [-] [task-scheduler-9] [-] [] DEBUG FileSenderService 0 files in queue
2022-09-06T02:48:43,780 [-] [task-scheduler-9] [-] [] DEBUG FileSenderService Clearing in Process List
2022-09-06T02:48:43,780 [-] [task-scheduler-9] [-] []  INFO FileSenderService END SCHEDULE
2022-09-06T02:48:45,138 [-] [task-scheduler-5] [-] [] DEBUG FileWalker Walking on files
2022-09-06T02:48:55,155 [-] [task-scheduler-10] [-] [] DEBUG FileWalker Walking on files
2022-09-06T02:49:05,162 [-] [task-scheduler-5] [-] [] DEBUG FileWalker Walking on files
2022-09-06T02:49:15,175 [-] [task-scheduler-6] [-] [] DEBUG FileWalker Walking on files
2022-09-06T02:49:25,189 [-] [task-scheduler-3] [-] [] DEBUG FileWalker Walking on files
2022-09-06T02:49:35,205 [-] [task-scheduler-4] [-] [] DEBUG FileWalker Walking on files
2022-09-06T02:49:45,219 [-] [task-scheduler-5] [-] [] DEBUG FileWalker Walking on files
2022-09-06T02:49:53,803 [-] [task-scheduler-1] [-] []  INFO FileSenderService START SCHEDULE
2022-09-06T02:49:54,128 [-] [task-scheduler-1] [-] [] DEBUG FileSenderService 0 files in queue
2022-09-06T02:49:54,128 [-] [task-scheduler-1] [-] [] DEBUG FileSenderService Clearing in Process List
2022-09-06T02:49:54,128 [-] [task-scheduler-1] [-] []  INFO FileSenderService END SCHEDULE
2022-09-06T02:49:55,233 [-] [task-scheduler-7] [-] [] DEBUG FileWalker Walking on files
2022-09-06T02:50:05,237 [-] [task-scheduler-5] [-] [] DEBUG FileWalker Walking on files
2022-09-06T02:50:15,237 [-] [task-scheduler-9] [-] [] DEBUG FileWalker Walking on files
2022-09-06T02:50:25,245 [-] [task-scheduler-8] [-] [] DEBUG FileWalker Walking on files
2022-09-06T02:50:35,256 [-] [task-scheduler-6] [-] [] DEBUG FileWalker Walking on files
2022-09-06T02:50:45,269 [-] [task-scheduler-2] [-] [] DEBUG FileWalker Walking on files
2022-09-06T02:50:55,282 [-] [task-scheduler-9] [-] [] DEBUG FileWalker Walking on files
2022-09-06T02:51:04,140 [-] [task-scheduler-3] [-] []  INFO FileSenderService START SCHEDULE
2022-09-06T02:51:04,459 [-] [task-scheduler-3] [-] [] DEBUG FileSenderService 0 files in queue
2022-09-06T02:51:04,460 [-] [task-scheduler-3] [-] [] DEBUG FileSenderService Clearing in Process List
2022-09-06T02:51:04,460 [-] [task-scheduler-3] [-] []  INFO FileSenderService END SCHEDULE
2022-09-06T02:51:05,292 [-] [task-scheduler-4] [-] [] DEBUG FileWalker Walking on files
2022-09-06T02:51:15,304 [-] [task-scheduler-10] [-] [] DEBUG FileWalker Walking on files
2022-09-06T02:51:25,319 [-] [task-scheduler-8] [-] [] DEBUG FileWalker Walking on files
2022-09-06T02:51:35,321 [-] [task-scheduler-2] [-] [] DEBUG FileWalker Walking on files
2022-09-06T02:51:45,323 [-] [task-scheduler-9] [-] [] DEBUG FileWalker Walking on files
2022-09-06T02:51:55,334 [-] [task-scheduler-7] [-] [] DEBUG FileWalker Walking on files
2022-09-06T02:52:05,349 [-] [task-scheduler-10] [-] [] DEBUG FileWalker Walking on files
2022-09-06T02:52:14,470 [-] [task-scheduler-5] [-] []  INFO FileSenderService START SCHEDULE
2022-09-06T02:52:14,800 [-] [task-scheduler-5] [-] [] DEBUG FileSenderService 0 files in queue
2022-09-06T02:52:14,800 [-] [task-scheduler-5] [-] [] DEBUG FileSenderService Clearing in Process List
2022-09-06T02:52:14,800 [-] [task-scheduler-5] [-] []  INFO FileSenderService END SCHEDULE
2022-09-06T02:52:15,354 [-] [task-scheduler-2] [-] [] DEBUG FileWalker Walking on files
2022-09-06T02:52:25,357 [-] [task-scheduler-3] [-] [] DEBUG FileWalker Walking on files
2022-09-06T02:52:35,363 [-] [task-scheduler-6] [-] [] DEBUG FileWalker Walking on files
2022-09-06T02:52:45,372 [-] [task-scheduler-7] [-] [] DEBUG FileWalker Walking on files
2022-09-06T02:52:55,387 [-] [task-scheduler-9] [-] [] DEBUG FileWalker Walking on files
2022-09-06T02:53:05,398 [-] [task-scheduler-2] [-] [] DEBUG FileWalker Walking on files
2022-09-06T02:53:15,403 [-] [task-scheduler-7] [-] [] DEBUG FileWalker Walking on files
2022-09-06T02:53:24,811 [-] [task-scheduler-4] [-] []  INFO FileSenderService START SCHEDULE
2022-09-06T02:53:25,222 [-] [task-scheduler-4] [-] [] DEBUG FileSenderService 0 files in queue
2022-09-06T02:53:25,222 [-] [task-scheduler-4] [-] [] DEBUG FileSenderService Clearing in Process List
2022-09-06T02:53:25,222 [-] [task-scheduler-4] [-] []  INFO FileSenderService END SCHEDULE
2022-09-06T02:53:25,417 [-] [task-scheduler-2] [-] [] DEBUG FileWalker Walking on files
2022-09-06T02:53:35,418 [-] [task-scheduler-3] [-] [] DEBUG FileWalker Walking on files
2022-09-06T02:53:45,433 [-] [task-scheduler-10] [-] [] DEBUG FileWalker Walking on files
2022-09-06T02:53:55,434 [-] [task-scheduler-7] [-] [] DEBUG FileWalker Walking on files
2022-09-06T02:54:05,438 [-] [task-scheduler-3] [-] [] DEBUG FileWalker Walking on files
2022-09-06T02:54:15,447 [-] [task-scheduler-8] [-] [] DEBUG FileWalker Walking on files
2022-09-06T02:54:25,459 [-] [task-scheduler-5] [-] [] DEBUG FileWalker Walking on files
2022-09-06T02:54:35,231 [-] [task-scheduler-7] [-] []  INFO FileSenderService START SCHEDULE
2022-09-06T02:54:35,468 [-] [task-scheduler-10] [-] [] DEBUG FileWalker Walking on files
2022-09-06T02:54:35,555 [-] [task-scheduler-7] [-] [] DEBUG FileSenderService 0 files in queue
2022-09-06T02:54:35,555 [-] [task-scheduler-7] [-] [] DEBUG FileSenderService Clearing in Process List
2022-09-06T02:54:35,555 [-] [task-scheduler-7] [-] []  INFO FileSenderService END SCHEDULE
2022-09-06T02:54:45,474 [-] [task-scheduler-8] [-] [] DEBUG FileWalker Walking on files
2022-09-06T02:54:55,489 [-] [task-scheduler-2] [-] [] DEBUG FileWalker Walking on files
2022-09-06T02:55:05,502 [-] [task-scheduler-9] [-] [] DEBUG FileWalker Walking on files
2022-09-06T02:55:15,510 [-] [task-scheduler-5] [-] [] DEBUG FileWalker Walking on files
2022-09-06T02:55:25,517 [-] [task-scheduler-10] [-] [] DEBUG FileWalker Walking on files
2022-09-06T02:55:35,525 [-] [task-scheduler-3] [-] [] DEBUG FileWalker Walking on files
2022-09-06T02:55:45,527 [-] [task-scheduler-1] [-] [] DEBUG FileWalker Walking on files
2022-09-06T02:55:45,559 [-] [task-scheduler-4] [-] []  INFO FileSenderService START SCHEDULE
2022-09-06T02:55:45,885 [-] [task-scheduler-4] [-] [] DEBUG FileSenderService 0 files in queue
2022-09-06T02:55:45,886 [-] [task-scheduler-4] [-] [] DEBUG FileSenderService Clearing in Process List
2022-09-06T02:55:45,886 [-] [task-scheduler-4] [-] []  INFO FileSenderService END SCHEDULE
2022-09-06T02:55:55,542 [-] [task-scheduler-6] [-] [] DEBUG FileWalker Walking on files
2022-09-06T02:56:05,551 [-] [task-scheduler-3] [-] [] DEBUG FileWalker Walking on files
2022-09-06T02:56:15,561 [-] [task-scheduler-9] [-] [] DEBUG FileWalker Walking on files
2022-09-06T02:56:25,572 [-] [task-scheduler-10] [-] [] DEBUG FileWalker Walking on files
2022-09-06T02:56:35,573 [-] [task-scheduler-2] [-] [] DEBUG FileWalker Walking on files
2022-09-06T02:56:45,589 [-] [task-scheduler-7] [-] [] DEBUG FileWalker Walking on files
2022-09-06T02:56:55,598 [-] [task-scheduler-8] [-] [] DEBUG FileWalker Walking on files
2022-09-06T02:56:55,908 [-] [task-scheduler-1] [-] []  INFO FileSenderService START SCHEDULE
2022-09-06T02:56:56,359 [-] [task-scheduler-1] [-] [] DEBUG FileSenderService 0 files in queue
2022-09-06T02:56:56,359 [-] [task-scheduler-1] [-] [] DEBUG FileSenderService Clearing in Process List
2022-09-06T02:56:56,359 [-] [task-scheduler-1] [-] []  INFO FileSenderService END SCHEDULE
2022-09-06T02:57:05,599 [-] [task-scheduler-6] [-] [] DEBUG FileWalker Walking on files
2022-09-06T02:57:15,603 [-] [task-scheduler-7] [-] [] DEBUG FileWalker Walking on files
2022-09-06T02:57:25,614 [-] [task-scheduler-2] [-] [] DEBUG FileWalker Walking on files
2022-09-06T02:57:35,620 [-] [task-scheduler-6] [-] [] DEBUG FileWalker Walking on files
2022-09-06T02:57:45,628 [-] [task-scheduler-8] [-] [] DEBUG FileWalker Walking on files
2022-09-06T02:57:55,638 [-] [task-scheduler-2] [-] [] DEBUG FileWalker Walking on files
2022-09-06T02:58:05,642 [-] [task-scheduler-7] [-] [] DEBUG FileWalker Walking on files
2022-09-06T02:58:06,375 [-] [task-scheduler-6] [-] []  INFO FileSenderService START SCHEDULE
2022-09-06T02:58:06,823 [-] [task-scheduler-6] [-] [] DEBUG FileSenderService 0 files in queue
2022-09-06T02:58:06,823 [-] [task-scheduler-6] [-] [] DEBUG FileSenderService Clearing in Process List
2022-09-06T02:58:06,823 [-] [task-scheduler-6] [-] []  INFO FileSenderService END SCHEDULE
2022-09-06T02:58:15,645 [-] [task-scheduler-4] [-] [] DEBUG FileWalker Walking on files
2022-09-06T02:58:25,648 [-] [task-scheduler-9] [-] [] DEBUG FileWalker Walking on files
2022-09-06T02:58:35,652 [-] [task-scheduler-5] [-] [] DEBUG FileWalker Walking on files
2022-09-06T02:58:45,657 [-] [task-scheduler-10] [-] [] DEBUG FileWalker Walking on files
2022-09-06T02:58:55,663 [-] [task-scheduler-8] [-] [] DEBUG FileWalker Walking on files
2022-09-06T02:59:05,675 [-] [task-scheduler-1] [-] [] DEBUG FileWalker Walking on files
2022-09-06T02:59:15,688 [-] [task-scheduler-4] [-] [] DEBUG FileWalker Walking on files
2022-09-06T02:59:16,839 [-] [task-scheduler-2] [-] []  INFO FileSenderService START SCHEDULE
2022-09-06T02:59:17,167 [-] [task-scheduler-2] [-] [] DEBUG FileSenderService 0 files in queue
2022-09-06T02:59:17,167 [-] [task-scheduler-2] [-] [] DEBUG FileSenderService Clearing in Process List
2022-09-06T02:59:17,167 [-] [task-scheduler-2] [-] []  INFO FileSenderService END SCHEDULE
2022-09-06T02:59:25,695 [-] [task-scheduler-10] [-] [] DEBUG FileWalker Walking on files
2022-09-06T02:59:35,699 [-] [task-scheduler-8] [-] [] DEBUG FileWalker Walking on files
2022-09-06T02:59:45,709 [-] [task-scheduler-4] [-] [] DEBUG FileWalker Walking on files
2022-09-06T07:45:51,302 [-] [task-scheduler-6] [-] [] DEBUG FileWalker Walking on files
2022-09-06T07:46:01,318 [-] [task-scheduler-3] [-] [] DEBUG FileWalker Walking on files
2022-09-06T07:46:11,327 [-] [task-scheduler-6] [-] [] DEBUG FileWalker Walking on files
2022-09-06T07:46:21,336 [-] [task-scheduler-9] [-] [] DEBUG FileWalker Walking on files
2022-09-06T07:46:22,684 [-] [task-scheduler-4] [-] []  INFO FileSenderService START SCHEDULE
2022-09-06T07:46:23,982 [-] [task-scheduler-4] [-] [] DEBUG FileSenderService 0 files in queue
2022-09-06T07:46:23,982 [-] [task-scheduler-4] [-] [] DEBUG FileSenderService Clearing in Process List
2022-09-06T07:46:23,982 [-] [task-scheduler-4] [-] []  INFO FileSenderService END SCHEDULE
2022-09-06T07:46:31,350 [-] [task-scheduler-10] [-] [] DEBUG FileWalker Walking on files
2022-09-06T07:46:41,353 [-] [task-scheduler-5] [-] [] DEBUG FileWalker Walking on files
2022-09-06T07:46:51,358 [-] [task-scheduler-1] [-] [] DEBUG FileWalker Walking on files
2022-09-06T07:47:01,359 [-] [task-scheduler-6] [-] [] DEBUG FileWalker Walking on files
2022-09-06T07:47:11,364 [-] [task-scheduler-3] [-] [] DEBUG FileWalker Walking on files
2022-09-06T07:47:21,367 [-] [task-scheduler-1] [-] [] DEBUG FileWalker Walking on files
